\BOOKMARK [1][-]{section.1}{\376\377\000I\000n\000t\000r\000o\000d\000u\000c\000t\000i\000o\000n}{}% 1
\BOOKMARK [1][-]{section.2}{\376\377\000f\000u\000n\000-\000S\000u\000S\000L\000i\000k\000\040\000L\000a\000n\000g\000u\000a\000g\000e\000\040\000D\000e\000f\000i\000n\000i\000t\000i\000o\000n}{}% 2
\BOOKMARK [2][-]{subsection.2.1}{\376\377\000S\000y\000n\000t\000a\000x}{section.2}% 3
\BOOKMARK [2][-]{subsection.2.2}{\376\377\000L\000a\000y\000o\000u\000t\000\040\000M\000a\000p\000p\000i\000n\000g\000s}{section.2}% 4
\BOOKMARK [2][-]{subsection.2.3}{\376\377\000f\000u\000n\000-\000S\000u\000S\000L\000i\000k\000\040\000E\000x\000a\000m\000p\000l\000e\000s}{section.2}% 5
\BOOKMARK [3][-]{subsubsection.2.3.1}{\376\377\000S\000o\000r\000t\000\040\000E\000x\000a\000m\000p\000l\000e}{subsection.2.3}% 6
\BOOKMARK [2][-]{subsection.2.4}{\376\377\000W\000e\000l\000l\000-\000F\000o\000r\000m\000e\000d\000n\000e\000s\000s\000\040\000F\000o\000r\000\040\000T\000y\000p\000e\000\040\000D\000e\000f\000i\000n\000i\000t\000i\000o\000n\000s}{section.2}% 7
\BOOKMARK [2][-]{subsection.2.5}{\376\377\000T\000y\000p\000i\000n\000g\000\040\000J\000u\000d\000g\000m\000e\000n\000t}{section.2}% 8
\BOOKMARK [2][-]{subsection.2.6}{\376\377\000S\000o\000m\000e\000\040\000E\000q\000u\000a\000t\000i\000o\000n\000a\000l\000\040\000L\000a\000w\000s\000\040\000F\000o\000r\000\040\000f\000u\000n\000-\000S\000u\000S\000L\000i\000k}{section.2}% 9
\BOOKMARK [2][-]{subsection.2.7}{\376\377\000C\000o\000n\000v\000e\000r\000s\000i\000o\000n\000\040\000U\000s\000i\000n\000g\000\040\000T\000h\000e\000\040\000L\000a\000w\000s}{section.2}% 10
\BOOKMARK [3][-]{subsubsection.2.7.1}{\376\377\000E\000x\000a\000m\000p\000l\000e\000:\000\040\000P\000a\000t\000t\000e\000r\000n\000\040\000m\000a\000t\000c\000h\000i\000n\000g}{subsection.2.7}% 11
\BOOKMARK [3][-]{subsubsection.2.7.2}{\376\377\000E\000x\000a\000m\000p\000l\000e\000:\000\040\000P\000r\000o\000d\000u\000c\000i\000n\000g\000\040\000a\000\040\000l\000a\000y\000o\000u\000t\000\040\000v\000a\000l\000u\000e}{subsection.2.7}% 12
\BOOKMARK [2][-]{subsection.2.8}{\376\377\000S\000m\000a\000l\000l\000-\000S\000t\000e\000p\000\040\000O\000p\000e\000r\000a\000t\000i\000o\000n\000a\000l\000\040\000S\000e\000m\000a\000n\000t\000i\000c\000s}{section.2}% 13
\BOOKMARK [2][-]{subsection.2.9}{\376\377\000E\000q\000u\000i\000v\000a\000l\000e\000n\000c\000e\000\040\000R\000e\000l\000a\000t\000i\000o\000n}{section.2}% 14
\BOOKMARK [1][-]{section.3}{\376\377\000S\000u\000S\000L\000i\000k\000\040\000S\000p\000e\000c\000i\000f\000i\000c\000a\000t\000i\000o\000n\000\040\000L\000a\000n\000g\000u\000a\000g\000e}{}% 15
\BOOKMARK [2][-]{subsection.3.1}{\376\377\000E\000q\000u\000i\000v\000a\000l\000e\000n\000c\000e\000\040\000R\000e\000l\000a\000t\000i\000o\000n}{section.3}% 16
\BOOKMARK [1][-]{section.4}{\376\377\000T\000r\000a\000n\000s\000l\000a\000t\000i\000o\000n\000\040\000o\000f\000\040\000f\000u\000n\000-\000S\000u\000S\000L\000i\000k\000\040\000i\000n\000t\000o\000\040\000S\000u\000S\000L\000i\000k}{}% 17
\BOOKMARK [2][-]{subsection.4.1}{\376\377\000S\000o\000u\000n\000d\000n\000e\000s\000s}{section.4}% 18
\BOOKMARK [2][-]{subsection.4.2}{\376\377\000T\000r\000a\000n\000s\000l\000a\000t\000i\000o\000n}{section.4}% 19
\BOOKMARK [2][-]{subsection.4.3}{\376\377\000A\000\040\000S\000i\000m\000p\000l\000e\000\040\000T\000r\000a\000n\000s\000l\000a\000t\000i\000o\000n\000\040\000E\000x\000a\000m\000p\000l\000e}{section.4}% 20
\BOOKMARK [2][-]{subsection.4.4}{\376\377\000T\000r\000a\000n\000s\000l\000a\000t\000i\000o\000n\000\040\000E\000x\000a\000m\000p\000l\000e\000:\000\040\000F\000i\000l\000t\000e\000r}{section.4}% 21
\BOOKMARK [1][-]{section.5}{\376\377\000S\000e\000m\000a\000n\000t\000i\000c\000s\000\040\000P\000r\000e\000s\000e\000r\000v\000a\000t\000i\000o\000n}{}% 22
\BOOKMARK [1][-]{section.6}{\376\377\000A\000n\000\040\000A\000l\000t\000e\000r\000n\000a\000t\000i\000v\000e\000\040\000V\000i\000e\000w\000\040\000o\000f\000\040\000S\000y\000n\000t\000h\000e\000s\000i\000s}{}% 23
